/*******************************************************************************************************
* DateTime: 2012/8/30 19:28:11		IP: 127.0.0.1()		Brower: WinNT  IE9
* Url : http://wlin.sisleycommnutiy.com/login.aspx?from=http://wlin.sisleycommnutiy.com/sisley-academy.aspx
uEmail=22967225@qq.com,uPwd=123,viladCode=198d
*******************************************************************************************************/

/*******************************************************************************************************
* DateTime: 2012/8/30 19:34:15		IP: 127.0.0.1()		Brower: WinNT  IE9
* Url : http://wlin.sisleycommnutiy.com/login.aspx?from=http://wlin.sisleycommnutiy.com/index.aspx
uEmail=22967225@qq.com,uPwd=123,viladCode=db75
*******************************************************************************************************/

/*******************************************************************************************************
* DateTime: 2012/8/30 19:36:26		IP: 127.0.0.1()		Brower: WinNT  IE9
* Url : http://wlin.sisleycommnutiy.com/login.aspx?from=http://wlin.sisleycommnutiy.com/index.aspx
Idx=1
*******************************************************************************************************/

/*******************************************************************************************************
* DateTime: 2012/8/30 19:38:02		IP: 127.0.0.1()		Brower: WinNT  IE9
* Url : http://wlin.sisleycommnutiy.com/login.aspx
Idx=1
*******************************************************************************************************/

/*******************************************************************************************************
* DateTime: 2012/8/30 19:42:55		IP: 127.0.0.1()		Brower: WinNT  IE9
* Url : http://wlin.sisleycommnutiy.com/login.aspx?from=http://wlin.sisleycommnutiy.com/sisley-academy.aspx
Idx=1
*******************************************************************************************************/

/*******************************************************************************************************
* DateTime: 2012/8/30 19:56:00		IP: 192.168.99.41()		Brower: WinNT  IE8
* Url : http://wlin.sisleycommnutiy.com/login.aspx?from=http://wlin.sisleycommnutiy.com/personalInfo.aspx
Idx=1
*******************************************************************************************************/

/*******************************************************************************************************
* DateTime: 2012/8/30 19:57:40		IP: 192.168.99.41()		Brower: WinNT  IE8
* Url : http://wlin.sisleycommnutiy.com/login.aspx?from=http://wlin.sisleycommnutiy.com/personalInfo.aspx
Idx=1
*******************************************************************************************************/

/*******************************************************************************************************
* DateTime: 2012/8/30 20:17:06		IP: 192.168.99.41()		Brower: WinNT  IE8
* Url : http://wlin.sisleycommnutiy.com/login.aspx?from=http://wlin.sisleycommnutiy.com/personalInfo.aspx
Idx=1
*******************************************************************************************************/

/*******************************************************************************************************
* DateTime: 2012/8/30 22:03:19		IP: 127.0.0.1()		Brower: WinNT  IE9
* Url : http://wlin.sisleycommnutiy.com/login.aspx?from=http://wlin.sisleycommnutiy.com/qa.aspx?typeIdx=1
Idx=1
*******************************************************************************************************/

/*******************************************************************************************************
* DateTime: 2012/8/30 22:03:27		IP: 127.0.0.1()		Brower: WinNT  IE9
* Url : http://wlin.sisleycommnutiy.com/sisley-prestige-club.aspx
select RealName, HeadPhoto,AvailablePoints from Tab_UserCommunity where Idx = 1
*******************************************************************************************************/

/*******************************************************************************************************
* DateTime: 2012/8/30 22:03:27		IP: 127.0.0.1()		Brower: WinNT  IE9
* Url : http://wlin.sisleycommnutiy.com/sisley-prestige-club.aspx
select top 1 ActiveTitle from v_Activity_Apply where UserUIdx_Fx=1 order by 1 desc
*******************************************************************************************************/

/*******************************************************************************************************
* DateTime: 2012/8/30 22:03:44		IP: 127.0.0.1()		Brower: WinNT  IE9
* Url : http://wlin.sisleycommnutiy.com/sisley-prestige-club.aspx
select RealName, HeadPhoto,AvailablePoints from Tab_UserCommunity where Idx = 1
*******************************************************************************************************/

/*******************************************************************************************************
* DateTime: 2012/8/30 22:03:44		IP: 127.0.0.1()		Brower: WinNT  IE9
* Url : http://wlin.sisleycommnutiy.com/sisley-prestige-club.aspx
select top 1 ActiveTitle from v_Activity_Apply where UserUIdx_Fx=1 order by 1 desc
*******************************************************************************************************/

/*******************************************************************************************************
* DateTime: 2012/8/30 22:04:37		IP: 127.0.0.1()		Brower: WinNT  IE9
* Url : http://wlin.sisleycommnutiy.com/sisley-prestige-club.aspx
select RealName, HeadPhoto,AvailablePoints from Tab_UserCommunity where Idx = 1
*******************************************************************************************************/

/*******************************************************************************************************
* DateTime: 2012/8/30 22:04:37		IP: 127.0.0.1()		Brower: WinNT  IE9
* Url : http://wlin.sisleycommnutiy.com/sisley-prestige-club.aspx
select top 1 ActiveTitle from v_Activity_Apply where UserUIdx_Fx=1 order by 1 desc
*******************************************************************************************************/

/*******************************************************************************************************
* DateTime: 2012/8/30 22:05:35		IP: 127.0.0.1()		Brower: WinNT  IE9
* Url : http://wlin.sisleycommnutiy.com/sisley-prestige-club.aspx
select RealName, HeadPhoto,AvailablePoints from Tab_UserCommunity where Idx = 1
*******************************************************************************************************/

/*******************************************************************************************************
* DateTime: 2012/8/30 22:05:35		IP: 127.0.0.1()		Brower: WinNT  IE9
* Url : http://wlin.sisleycommnutiy.com/sisley-prestige-club.aspx
select top 1 ActiveTitle from v_Activity_Apply where UserUIdx_Fx=1 order by 1 desc
*******************************************************************************************************/

/*******************************************************************************************************
* DateTime: 2012/8/30 22:55:22		IP: 127.0.0.1()		Brower: WinNT  IE9
* Url : http://wlin.sisleycommnutiy.com/login.aspx?from=http://wlin.sisleycommnutiy.com/index.aspx
Idx=1
*******************************************************************************************************/

/*******************************************************************************************************
* DateTime: 2012/8/30 23:15:39		IP: 127.0.0.1()		Brower: WinNT  IE9
* Url : http://wlin.sisleycommnutiy.com/login.aspx?from=http://wlin.sisleycommnutiy.com/index.aspx
Idx=1
*******************************************************************************************************/

/*******************************************************************************************************
* DateTime: 2012/8/30 23:36:25		IP: 127.0.0.1()		Brower: WinNT  IE7
* Url : http://wlin.sisleycommnutiy.com/login.aspx?from=http://wlin.sisleycommnutiy.com/sisley-academy.aspx?cmIdx=11&r=asdfasdf
Idx=1
*******************************************************************************************************/

/*******************************************************************************************************
* DateTime: 2012/8/30 23:47:15		IP: 127.0.0.1()		Brower: WinNT  IE9
* Url : http://wlin.sisleycommnutiy.com/data2flash/APICourse.aspx?rep=GetLoginerInfo
uIdx:
*******************************************************************************************************/

/*******************************************************************************************************
* DateTime: 2012/8/30 23:47:48		IP: 127.0.0.1()		Brower: WinNT  IE9
* Url : http://wlin.sisleycommnutiy.com/data2flash/APICourse.aspx?rep=GetLoginerInfo&r=sdfad
uIdx:
*******************************************************************************************************/

/*******************************************************************************************************
* DateTime: 2012/8/30 23:52:18		IP: 192.168.99.41()		Brower: Unknown  Unknown
* Url : http://wlin.sisleycommnutiy.com/data2flash/APICourse.aspx?rep=GetLoginerInfo&r=0.06304652569815516
uIdx:
*******************************************************************************************************/

/*******************************************************************************************************
* DateTime: 2012/8/30 23:54:11		IP: 127.0.0.1()		Brower: WinNT  IE9
* Url : http://wlin.sisleycommnutiy.com/login.aspx?from=http://wlin.sisleycommnutiy.com/sisley-academy.aspx
Idx=1
*******************************************************************************************************/

