/*******************************************************************************************************
* DateTime: 2012/8/18 15:40:00		IP: 127.0.0.1()		Brower: WinNT  IE7
* Url : http://localhost:2368/SisleyCommnutiy_Code/login.aspx
uEmail=lzid@163.com,uPwd=448458,viladCode=f74f
*******************************************************************************************************/

/*******************************************************************************************************
* DateTime: 2012/8/18 15:43:45		IP: 127.0.0.1()		Brower: WinNT  IE7
* Url : http://localhost:2368/SisleyCommnutiy_Code/login.aspx
uEmail=lzid@163.com,uPwd=448458,viladCode=00e3
*******************************************************************************************************/

/*******************************************************************************************************
* DateTime: 2012/8/18 15:54:42		IP: 127.0.0.1()		Brower: WinNT  IE7
* Url : http://localhost:2368/SisleyCommnutiy_Code/register1.aspx
VIP¿¨:0001 -- Yes
*******************************************************************************************************/

/*******************************************************************************************************
* DateTime: 2012/8/18 16:03:36		IP: 127.0.0.1()		Brower: WinNT  IE7
* Url : http://localhost:2368/SisleyCommnutiy_Code/register1.aspx
VIP¿¨:0002 -- Yes
*******************************************************************************************************/

/*******************************************************************************************************
* DateTime: 2012/8/18 16:05:29		IP: 127.0.0.1()		Brower: WinNT  IE7
* Url : http://localhost:2368/SisleyCommnutiy_Code/login.aspx
uEmail=lzid@163.com,uPwd=448458,viladCode=5e3f
*******************************************************************************************************/

/*******************************************************************************************************
* DateTime: 2012/8/18 16:09:38		IP: 127.0.0.1()		Brower: WinNT  IE7
* Url : http://localhost:2368/SisleyCommnutiy_Code/login.aspx
uEmail=lzid@163.com,uPwd=448458,viladCode=f104
*******************************************************************************************************/

/*******************************************************************************************************
* DateTime: 2012/8/18 16:19:30		IP: 127.0.0.1()		Brower: WinNT  IE9
* Url : http://localhost:2368/SisleyCommnutiy_Code/login.aspx
uEmail=lzid@163.com,uPwd=448458,viladCode=3c9f
*******************************************************************************************************/

/*******************************************************************************************************
* DateTime: 2012/8/18 16:47:14		IP: 127.0.0.1()		Brower: WinNT  IE9
* Url : http://localhost:2368/SisleyCommnutiy_Code/login.aspx
uEmail=lzid@163.com,uPwd=448458,viladCode=781e
*******************************************************************************************************/

/*******************************************************************************************************
* DateTime: 2012/8/18 16:56:29		IP: 127.0.0.1()		Brower: WinNT  IE9
* Url : http://localhost:2368/SisleyCommnutiy_Code/login.aspx?from=http://localhost:2368/SisleyCommnutiy_Code/sisley-prestige-club.aspx
uEmail=lzid@163.com,uPwd=448458,viladCode=9f3a
*******************************************************************************************************/

/*******************************************************************************************************
* DateTime: 2012/8/18 16:56:41		IP: 127.0.0.1()		Brower: WinNT  IE9
* Url : http://localhost:2368/SisleyCommnutiy_Code/login.aspx?from=http://localhost:2368/SisleyCommnutiy_Code/sisley-prestige-club.aspx
uEmail=lzid@163.com,uPwd=448458,viladCode=bda2
*******************************************************************************************************/

/*******************************************************************************************************
* DateTime: 2012/8/18 16:57:43		IP: 127.0.0.1()		Brower: WinNT  IE9
* Url : http://localhost:2368/SisleyCommnutiy_Code/login.aspx
uEmail=lzid@163.com,uPwd=448458,viladCode=b1a3
*******************************************************************************************************/

/*******************************************************************************************************
* DateTime: 2012/8/18 16:58:32		IP: 127.0.0.1()		Brower: WinNT  IE9
* Url : http://localhost:2368/SisleyCommnutiy_Code/login.aspx?from=http://localhost:2368/SisleyCommnutiy_Code/sisley-prestige-club.aspx
uEmail=lzid@163.com,uPwd=448458,viladCode=aebb
*******************************************************************************************************/

/*******************************************************************************************************
* DateTime: 2012/8/18 17:00:27		IP: 127.0.0.1()		Brower: WinNT  IE9
* Url : http://localhost:2368/SisleyCommnutiy_Code/login.aspx
uEmail=lzid@163.com,uPwd=448458,viladCode=5f07
*******************************************************************************************************/

/*******************************************************************************************************
* DateTime: 2012/8/18 17:01:42		IP: 127.0.0.1()		Brower: WinNT  IE9
* Url : http://localhost:2368/SisleyCommnutiy_Code/login.aspx?from=http://localhost:2368/SisleyCommnutiy_Code/sisley-prestige-club.aspx
uEmail=lzid@163.com,uPwd=448458,viladCode=ce3f
*******************************************************************************************************/

/*******************************************************************************************************
* DateTime: 2012/8/18 17:03:08		IP: 127.0.0.1()		Brower: WinNT  IE9
* Url : http://localhost:2368/SisleyCommnutiy_Code/login.aspx?from=http://localhost:2368/SisleyCommnutiy_Code/sisley-prestige-club.aspx
uEmail=lzid@163.com,uPwd=448458,viladCode=1b2e
*******************************************************************************************************/

/*******************************************************************************************************
* DateTime: 2012/8/18 17:03:16		IP: 127.0.0.1()		Brower: WinNT  IE9
* Url : http://localhost:2368/SisleyCommnutiy_Code/login.aspx?from=http://localhost:2368/SisleyCommnutiy_Code/sisley-prestige-club.aspx
uEmail=lzid@163.com,uPwd=448458,viladCode=056b
*******************************************************************************************************/

