/*******************************************************************************************************
* DateTime: 2012/8/28 11:17:35		IP: 127.0.0.1()		Brower: WinNT  IE9
* Url : http://wlin.sisleycommnutiy.com/login.aspx?from=http://wlin.sisleycommnutiy.com/index.aspx
uEmail=22967225@qq.com,uPwd=123,viladCode=6ad6
*******************************************************************************************************/

/*******************************************************************************************************
* DateTime: 2012/8/28 14:12:47		IP: 127.0.0.1()		Brower: WinNT  Chrome18
* Url : http://localhost:8013/SisleyCommnutiy_Code/AdminManage/productTryManage.aspx
delete Tab_TryProduct where Idx=2
*******************************************************************************************************/

/*******************************************************************************************************
* DateTime: 2012/8/28 14:12:51		IP: 127.0.0.1()		Brower: WinNT  Chrome18
* Url : http://localhost:8013/SisleyCommnutiy_Code/AdminManage/productTryManage.aspx
delete Tab_TryProduct where Idx=1
*******************************************************************************************************/

/*******************************************************************************************************
* DateTime: 2012/8/28 18:07:08		IP: 127.0.0.1()		Brower: WinNT  IE9
* Url : http://wlin.sisleycommnutiy.com/login.aspx?from=http://wlin.sisleycommnutiy.com/index.aspx
uEmail=22967225@qq.com,uPwd=123,viladCode=8231
*******************************************************************************************************/

/*******************************************************************************************************
* DateTime: 2012/8/28 18:09:51		IP: 127.0.0.1()		Brower: WinNT  IE9
* Url : http://wlin.sisleycommnutiy.com/login.aspx?from=http://wlin.sisleycommnutiy.com/index.aspx
uEmail=22967225@qq.com,uPwd=123,viladCode=f295
*******************************************************************************************************/

/*******************************************************************************************************
* DateTime: 2012/8/28 18:22:08		IP: 127.0.0.1()		Brower: WinNT  Chrome18
* Url : http://localhost:10924/SisleyCommnutiy_Code/Login.aspx
uEmail=22967225@qq.com,uPwd=123,viladCode=6069
*******************************************************************************************************/

/*******************************************************************************************************
* DateTime: 2012/8/28 18:25:32		IP: 127.0.0.1()		Brower: WinNT  IE9
* Url : http://localhost:10924/SisleyCommnutiy_Code/Login.aspx
uEmail=lzid@163.com,uPwd=448458,viladCode=21df
*******************************************************************************************************/

/*******************************************************************************************************
* DateTime: 2012/8/28 18:29:04		IP: 192.168.99.151()		Brower: WinNT  IE9
* Url : http://wlin.sisleycommnutiy.com/login.aspx?from=http://wlin.sisleycommnutiy.com/index.aspx
uEmail=22967225@qq.com,uPwd=123,viladCode=8cd3
*******************************************************************************************************/

/*******************************************************************************************************
* DateTime: 2012/8/28 18:31:38		IP: 192.168.99.176()		Brower: WinNT  IE9
* Url : http://wlin.sisleycommnutiy.com/login.aspx?from=http://wlin.sisleycommnutiy.com/index.aspx
uEmail=22967225@qq.com,uPwd=123,viladCode=caee
*******************************************************************************************************/

/*******************************************************************************************************
* DateTime: 2012/8/28 18:32:16		IP: 192.168.99.176()		Brower: WinNT  Chrome21
* Url : http://wlin.sisleycommnutiy.com/Login.aspx
uEmail=22967225@qq.com,uPwd=123,viladCode=9e46
*******************************************************************************************************/

/*******************************************************************************************************
* DateTime: 2012/8/28 19:01:47		IP: 127.0.0.1()		Brower: WinNT  Chrome18
* Url : http://wlin.sisleycommnutiy.com/Login.aspx
uEmail=22967225@qq.com,uPwd=123,viladCode=7a5d
*******************************************************************************************************/

/*******************************************************************************************************
* DateTime: 2012/8/28 19:02:24		IP: 127.0.0.1()		Brower: WinNT  IE9
* Url : http://wlin.sisleycommnutiy.com/Login.aspx
uEmail=22967225@qq.com,uPwd=123,viladCode=84ed
*******************************************************************************************************/

/*******************************************************************************************************
* DateTime: 2012/8/28 19:04:38		IP: 127.0.0.1()		Brower: WinNT  IE9
* Url : http://wlin.sisleycommnutiy.com/Login.aspx
uEmail=22967225@qq.com,uPwd=123,viladCode=7e56
*******************************************************************************************************/

/*******************************************************************************************************
* DateTime: 2012/8/28 19:13:56		IP: 127.0.0.1()		Brower: WinNT  IE9
* Url : http://wlin.sisleycommnutiy.com/Login.aspx
uEmail=22967225@qq.com,uPwd=123,viladCode=5901
*******************************************************************************************************/

/*******************************************************************************************************
* DateTime: 2012/8/28 19:58:32		IP: 127.0.0.1()		Brower: WinNT  IE9
* Url : http://wlin.sisleycommnutiy.com/login.aspx?from=http://wlin.sisleycommnutiy.com/index.aspx
uEmail=22967225@qq.com,uPwd=123,viladCode=c5cb
*******************************************************************************************************/

/*******************************************************************************************************
* DateTime: 2012/8/28 20:44:08		IP: 127.0.0.1()		Brower: WinNT  IE9
* Url : http://wlin.sisleycommnutiy.com/Login.aspx
uEmail=22967225@qq.com,uPwd=123,viladCode=399e
*******************************************************************************************************/

/*******************************************************************************************************
* DateTime: 2012/8/28 21:29:43		IP: 127.0.0.1()		Brower: WinNT  IE9
* Url : http://wlin.sisleycommnutiy.com/login.aspx?from=http://wlin.sisleycommnutiy.com/Daren-express-3.aspx?idx=1
uEmail=22967225@qq.com,uPwd=123,viladCode=dfb7
*******************************************************************************************************/

/*******************************************************************************************************
* DateTime: 2012/8/28 21:33:59		IP: 127.0.0.1()		Brower: WinNT  IE9
* Url : http://wlin.sisleycommnutiy.com/login.aspx?from=http://wlin.sisleycommnutiy.com/index.aspx
uEmail=22967225@qq.com,uPwd=123,viladCode=bc85
*******************************************************************************************************/

