/*******************************************************************************************************
* DateTime: 2012/8/26 0:00:16		IP: 127.0.0.1()		Brower: WinNT  IE9
* Url : http://wlin.sisleycommnutiy.com/callback.aspx?s=sina&code=585bf26bb8f83f52a9cd74f8de01a266
strSql=select count(1) from Tab_UserCommunity where SinaWeibo_Id='1744360610'|iCount=-1
*******************************************************************************************************/

/*******************************************************************************************************
* DateTime: 2012/8/26 0:01:31		IP: 127.0.0.1()		Brower: WinNT  IE9
* Url : http://wlin.sisleycommnutiy.com/callback.aspx?s=sina&code=42fccc6ea136b34c824db7f1f2a9b72f
strSql=select count(1) from Tab_UserCommunity where SinaWeibo_Id='1744360610'|iCount=-1
*******************************************************************************************************/

/*******************************************************************************************************
* DateTime: 2012/8/26 0:01:31		IP: 127.0.0.1()		Brower: WinNT  IE9
* Url : http://wlin.sisleycommnutiy.com/callback.aspx?s=sina&code=42fccc6ea136b34c824db7f1f2a9b72f
William_Lin林_sina
*******************************************************************************************************/

/*******************************************************************************************************
* DateTime: 2012/8/26 0:01:41		IP: 127.0.0.1()		Brower: WinNT  IE9
* Url : http://wlin.sisleycommnutiy.com/callback.aspx?s=sina&code=0d0180ec4d5d5147c98c604340366bd0
strSql=select count(1) from Tab_UserCommunity where SinaWeibo_Id='1744360610'|iCount=-1
*******************************************************************************************************/

/*******************************************************************************************************
* DateTime: 2012/8/26 0:03:03		IP: 127.0.0.1()		Brower: WinNT  IE9
* Url : http://wlin.sisleycommnutiy.com/callback.aspx?s=sina&code=96658436a5a7e712a80f671ef5bf2bbd
strSql=select count(1) from Tab_UserCommunity where SinaWeibo_Id='1744360610'|iCount=-1
*******************************************************************************************************/

/*******************************************************************************************************
* DateTime: 2012/8/26 0:03:03		IP: 127.0.0.1()		Brower: WinNT  IE9
* Url : http://wlin.sisleycommnutiy.com/callback.aspx?s=sina&code=96658436a5a7e712a80f671ef5bf2bbd
William_Lin林_sina
*******************************************************************************************************/

/*******************************************************************************************************
* DateTime: 2012/8/26 0:03:51		IP: 127.0.0.1()		Brower: WinNT  IE9
* Url : http://wlin.sisleycommnutiy.com/callback.aspx?s=sina&code=e639f2cbe4e8097461f55ba5be8717db
strSql=select count(1) from Tab_UserCommunity where SinaWeibo_Id='1744360610'|iCount=-1
*******************************************************************************************************/

/*******************************************************************************************************
* DateTime: 2012/8/26 0:05:38		IP: 127.0.0.1()		Brower: WinNT  IE9
* Url : http://wlin.sisleycommnutiy.com/callback.aspx?s=sina&code=6dd7b8be6878d663d1270f272d0eb036
strSql=select count(1) from Tab_UserCommunity where SinaWeibo_Id='1744360610'|iCount=-1
*******************************************************************************************************/

/*******************************************************************************************************
* DateTime: 2012/8/26 0:05:38		IP: 127.0.0.1()		Brower: WinNT  IE9
* Url : http://wlin.sisleycommnutiy.com/callback.aspx?s=sina&code=6dd7b8be6878d663d1270f272d0eb036
SinaWeibo_Id=1744360610
*******************************************************************************************************/

/*******************************************************************************************************
* DateTime: 2012/8/26 0:08:16		IP: 127.0.0.1()		Brower: WinNT  IE9
* Url : http://wlin.sisleycommnutiy.com/callback.aspx?s=sina&code=15212d807753b71e2c8697e51e0919ae
strSql22=select count(1) from Tab_UserCommunity where SinaWeibo_Id='1744360610'|iCount=-1
*******************************************************************************************************/

/*******************************************************************************************************
* DateTime: 2012/8/26 0:09:03		IP: 127.0.0.1()		Brower: WinNT  IE9
* Url : http://wlin.sisleycommnutiy.com/callback.aspx?s=sina&code=2302437b06c89b9e0b10f4ee1a163028
strSql22=select count(1) from Tab_UserCommunity where SinaWeibo_Id='1744360610'|iCount=-1
*******************************************************************************************************/

/*******************************************************************************************************
* DateTime: 2012/8/26 0:12:15		IP: 127.0.0.1()		Brower: WinNT  IE9
* Url : http://wlin.sisleycommnutiy.com/callback.aspx?s=sina&code=7abe905a7ce3405ceaede2fdf08207ce
strSql=select count(1) from Tab_UserCommunity where SinaWeibo_Id='1744360610'|iCount=-1
*******************************************************************************************************/

/*******************************************************************************************************
* DateTime: 2012/8/26 0:13:40		IP: 127.0.0.1()		Brower: WinNT  IE9
* Url : http://wlin.sisleycommnutiy.com/callback.aspx?s=sina&code=ca3051d4f7a68dd5f0dd1b795a873897
strSql=select count(1) from Tab_UserCommunity where SinaWeibo_Id='1744360610'|iCount=0
*******************************************************************************************************/

/*******************************************************************************************************
* DateTime: 2012/8/26 0:13:40		IP: 127.0.0.1()		Brower: WinNT  IE9
* Url : http://wlin.sisleycommnutiy.com/callback.aspx?s=sina&code=ca3051d4f7a68dd5f0dd1b795a873897
William_Lin林_sina
*******************************************************************************************************/

/*******************************************************************************************************
* DateTime: 2012/8/26 0:13:54		IP: 127.0.0.1()		Brower: WinNT  IE9
* Url : http://wlin.sisleycommnutiy.com/callback.aspx?s=sina&code=16bbc6587179f5a0948d12f3bd356d67
strSql=select count(1) from Tab_UserCommunity where SinaWeibo_Id='1744360610'|iCount=1
*******************************************************************************************************/

/*******************************************************************************************************
* DateTime: 2012/8/26 0:13:54		IP: 127.0.0.1()		Brower: WinNT  IE9
* Url : http://wlin.sisleycommnutiy.com/callback.aspx?s=sina&code=16bbc6587179f5a0948d12f3bd356d67
William_Lin林_sina
*******************************************************************************************************/

/*******************************************************************************************************
* DateTime: 2012/8/26 0:14:46		IP: 127.0.0.1()		Brower: WinNT  IE9
* Url : http://wlin.sisleycommnutiy.com/callback.aspx?s=sina&code=5fde4d773b38c3118035b13cf123e1ce
strSql=select count(1) from Tab_UserCommunity where SinaWeibo_Id='1744360610'|iCount=0
*******************************************************************************************************/

/*******************************************************************************************************
* DateTime: 2012/8/26 0:14:46		IP: 127.0.0.1()		Brower: WinNT  IE9
* Url : http://wlin.sisleycommnutiy.com/callback.aspx?s=sina&code=5fde4d773b38c3118035b13cf123e1ce
William_Lin林_sina
*******************************************************************************************************/

/*******************************************************************************************************
* DateTime: 2012/8/26 0:16:10		IP: 127.0.0.1()		Brower: WinNT  IE9
* Url : http://wlin.sisleycommnutiy.com/callback.aspx?s=sina&code=cea2f5f578bcda51e88c2066123ca88f
strSql=select count(1) from Tab_UserCommunity where SinaWeibo_Id='1744360610'|iCount=1
*******************************************************************************************************/

/*******************************************************************************************************
* DateTime: 2012/8/26 0:16:10		IP: 127.0.0.1()		Brower: WinNT  IE9
* Url : http://wlin.sisleycommnutiy.com/callback.aspx?s=sina&code=cea2f5f578bcda51e88c2066123ca88f
William_Lin林_sina
*******************************************************************************************************/

/*******************************************************************************************************
* DateTime: 2012/8/26 0:17:02		IP: 127.0.0.1()		Brower: WinNT  IE9
* Url : http://wlin.sisleycommnutiy.com/callback.aspx?s=sina&code=d5e41de2517679b7c96215733b581a20
strSql=select count(1) from Tab_UserCommunity where SinaWeibo_Id='1744360610'|iCount=1
*******************************************************************************************************/

/*******************************************************************************************************
* DateTime: 2012/8/26 0:17:02		IP: 127.0.0.1()		Brower: WinNT  IE9
* Url : http://wlin.sisleycommnutiy.com/callback.aspx?s=sina&code=d5e41de2517679b7c96215733b581a20
William_Lin林_sina
*******************************************************************************************************/

/*******************************************************************************************************
* DateTime: 2012/8/26 0:27:15		IP: 127.0.0.1()		Brower: WinNT  IE9
* Url : http://wlin.sisleycommnutiy.com/rule.aspx
System.NullReferenceException: 未将对象引用设置到对象的实例。
   在 rule.Page_Load(Object sender, EventArgs e) 位置 d:\_希思黎社区\数据库和源代码\SisleyCommnutiy_Code\rule.aspx.cs:行号 18
*******************************************************************************************************/

/*******************************************************************************************************
* DateTime: 2012/8/26 1:14:13		IP: 127.0.0.1()		Brower: WinNT  IE9
* Url : http://localhost:59759/SisleyCommnutiy_Code/qa.aspx
totalPage = 4
*******************************************************************************************************/

/*******************************************************************************************************
* DateTime: 2012/8/26 1:15:07		IP: 127.0.0.1()		Brower: WinNT  IE9
* Url : http://localhost:59759/SisleyCommnutiy_Code/qa.aspx
totalPage = 4
*******************************************************************************************************/

/*******************************************************************************************************
* DateTime: 2012/8/26 16:36:03		IP: 127.0.0.1()		Brower: WinNT  IE9
* Url : http://wlin.sisleycommnutiy.com/login.aspx?from=http://wlin.sisleycommnutiy.com/index.aspx
uEmail=lzid@163.com,uPwd=448458,viladCode=d995
*******************************************************************************************************/

/*******************************************************************************************************
* DateTime: 2012/8/26 18:35:43		IP: 127.0.0.1()		Brower: WinNT  IE9
* Url : http://wlin.sisleycommnutiy.com/personalInfoEdit.aspx
iResult=1
*******************************************************************************************************/

/*******************************************************************************************************
* DateTime: 2012/8/26 18:36:56		IP: 127.0.0.1()		Brower: WinNT  IE9
* Url : http://wlin.sisleycommnutiy.com/personalInfoEdit.aspx
iResult=1
*******************************************************************************************************/

/*******************************************************************************************************
* DateTime: 2012/8/26 18:38:41		IP: 127.0.0.1()		Brower: WinNT  IE9
* Url : http://wlin.sisleycommnutiy.com/personalInfoEdit.aspx
iResult=1
*******************************************************************************************************/

/*******************************************************************************************************
* DateTime: 2012/8/26 18:39:11		IP: 127.0.0.1()		Brower: WinNT  IE9
* Url : http://wlin.sisleycommnutiy.com/personalInfoEdit.aspx
iResult=
*******************************************************************************************************/

/*******************************************************************************************************
* DateTime: 2012/8/26 18:54:41		IP: 127.0.0.1()		Brower: WinNT  IE9
* Url : http://wlin.sisleycommnutiy.com/personalInfoEdit.aspx
c=0
*******************************************************************************************************/

/*******************************************************************************************************
* DateTime: 2012/8/26 19:17:34		IP: 127.0.0.1()		Brower: WinNT  IE9
* Url : http://wlin.sisleycommnutiy.com/login.aspx?from=http://wlin.sisleycommnutiy.com/index.aspx
uEmail=22967225@qq.com,uPwd=123,viladCode=0def
*******************************************************************************************************/

