/*******************************************************************************************************
* DateTime: 2012/8/21 9:41:51		IP: 127.0.0.1()		Brower: WinNT  IE9
* Url : http://wlin.sisleycommnutiy.com/login.aspx
uEmail=lzid@163.com,uPwd=448458,viladCode=6233
*******************************************************************************************************/

/*******************************************************************************************************
* DateTime: 2012/8/21 11:34:41		IP: 127.0.0.1()		Brower: WinNT  IE8
* Url : http://localhost:42206/SisleyCommnutiy_Code/login.aspx?from=http://localhost:42206/SisleyCommnutiy_Code/sisley-prestige-club.aspx
uEmail=lzid@163.com,uPwd=448458,viladCode=ec09
*******************************************************************************************************/

/*******************************************************************************************************
* DateTime: 2012/8/21 11:37:52		IP: 127.0.0.1()		Brower: WinNT  IE9
* Url : http://wlin.sisleycommnutiy.com/login.aspx?from=http://wlin.sisleycommnutiy.com/sisley-prestige-club.aspx
uEmail=lzid@163.com,uPwd=448458,viladCode=63df
*******************************************************************************************************/

/*******************************************************************************************************
* DateTime: 2012/8/21 12:13:01		IP: 127.0.0.1()		Brower: WinNT  IE9
* Url : http://wlin.sisleycommnutiy.com/login.aspx?from=http://wlin.sisleycommnutiy.com/personalInfo.aspx
uEmail=lzid@163.com,uPwd=448458,viladCode=454c
*******************************************************************************************************/

/*******************************************************************************************************
* DateTime: 2012/8/21 12:14:32		IP: 127.0.0.1()		Brower: WinNT  IE9
* Url : http://wlin.sisleycommnutiy.com/login.aspx?from=http://wlin.sisleycommnutiy.com/index.aspx
uEmail=lzid@163.com,uPwd=448458,viladCode=f8d2
*******************************************************************************************************/

/*******************************************************************************************************
* DateTime: 2012/8/21 12:27:05		IP: 127.0.0.1()		Brower: WinNT  IE9
* Url : http://wlin.sisleycommnutiy.com/login.aspx?from=http://wlin.sisleycommnutiy.com/index.aspx
uEmail=lzid@163.com,uPwd=448458,viladCode=f0e7
*******************************************************************************************************/

/*******************************************************************************************************
* DateTime: 2012/8/21 14:57:03		IP: 127.0.0.1()		Brower: WinNT  IE9
* Url : http://wlin.sisleycommnutiy.com/login.aspx?from=http://wlin.sisleycommnutiy.com/personalInfo.aspx
uEmail=lzid@163.com,uPwd=448458,viladCode=7f05
*******************************************************************************************************/

/*******************************************************************************************************
* DateTime: 2012/8/21 18:48:42		IP: 127.0.0.1()		Brower: WinNT  IE9
* Url : http://localhost:42206/SisleyCommnutiy_Code/AdminManage/Order1_CounterManage.aspx?Idx=4
no:
*******************************************************************************************************/

